<?xml version="1.0" encoding="UTF-8"?>
<testsuite xmlns:xsi="http://www.w3.org/2001/XMLSchema-instance" xsi:noNamespaceSchemaLocation="https://maven.apache.org/surefire/maven-surefire-plugin/xsd/surefire-test-report-3.0.xsd" version="3.0" name="com.GymCrack.app.GymCrackApplicationTests" time="4.736" tests="1" errors="0" skipped="0" failures="0">
  <properties>
[...]
</properties>
  <testcase name="contextLoads" classname="com.GymCrack.app.GymCrackApplicationTests" time="0.953">
    <system-out><![CDATA[18:24:19.354 [main] INFO org.springframework.test.context.support.AnnotationConfigContextLoaderUtils -- Could not detect default configuration classes for test class [com.GymCrack.app.GymCrackApplicationTests]: GymCrackApplicationTests does not declare any static, non-private, non-final, nested classes annotated with @Configuration.
18:24:19.486 [main] INFO org.springframework.boot.test.context.SpringBootTestContextBootstrapper -- Found @SpringBootConfiguration com.GymCrack.app.GymCrackApplication for test class com.GymCrack.app.GymCrackApplicationTests
18:24:19.739 [main] INFO org.springframework.boot.devtools.restart.RestartApplicationListener -- Restart disabled due to context in which it is running

  .   ____          _            __ _ _
 /\\ / ___'_ __ _ _(_)_ __  __ _ \ \ \ \
( ( )\___ | '_ | '_| | '_ \/ _` | \ \ \ \
 \\/  ___)| |_)| | | | | || (_| |  ) ) ) )
  '  |____| .__|_| |_|_| |_\__, | / / / /
 =========|_|==============|___/=/_/_/_/

 :: Spring Boot ::                (v3.3.5)

2024-11-25T18:24:20.055-05:00  INFO 21280 --- [GymCrack] [           main] c.GymCrack.app.GymCrackApplicationTests  : Starting GymCrackApplicationTests using Java 21.0.5 with PID 21280 (started by Adrian in C:\SpringTrabajosAdrian\GymCrack)
2024-11-25T18:24:20.057-05:00  INFO 21280 --- [GymCrack] [           main] c.GymCrack.app.GymCrackApplicationTests  : No active profile set, falling back to 1 default profile: "default"
2024-11-25T18:24:20.888-05:00  INFO 21280 --- [GymCrack] [           main] .s.d.r.c.RepositoryConfigurationDelegate : Bootstrapping Spring Data MongoDB repositories in DEFAULT mode.
2024-11-25T18:24:20.970-05:00  INFO 21280 --- [GymCrack] [           main] .s.d.r.c.RepositoryConfigurationDelegate : Finished Spring Data repository scanning in 76 ms. Found 6 MongoDB repository interfaces.
2024-11-25T18:24:21.575-05:00  INFO 21280 --- [GymCrack] [z1x.mongodb.net] org.mongodb.driver.cluster               : Adding discovered server adriannube-shard-00-00.hxz1x.mongodb.net:27017 to client view of cluster
2024-11-25T18:24:21.579-05:00  INFO 21280 --- [GymCrack] [           main] org.mongodb.driver.client                : MongoClient with metadata {"driver": {"name": "mongo-java-driver|sync|spring-boot", "version": "5.0.1"}, "os": {"type": "Windows", "name": "Windows 10", "architecture": "amd64", "version": "10.0"}, "platform": "Java/Oracle Corporation/21.0.5+9-LTS-239"} created with settings MongoClientSettings{readPreference=primary, writeConcern=WriteConcern{w=null, wTimeout=null ms, journal=null}, retryWrites=true, retryReads=true, readConcern=ReadConcern{level=null}, credential=MongoCredential{mechanism=null, userName='adrian', source='admin', password=<hidden>, mechanismProperties=<hidden>}, transportSettings=null, commandListeners=[], codecRegistry=ProvidersCodecRegistry{codecProviders=[ValueCodecProvider{}, BsonValueCodecProvider{}, DBRefCodecProvider{}, DBObjectCodecProvider{}, DocumentCodecProvider{}, CollectionCodecProvider{}, IterableCodecProvider{}, MapCodecProvider{}, GeoJsonCodecProvider{}, GridFSFileCodecProvider{}, Jsr310CodecProvider{}, JsonObjectCodecProvider{}, BsonCodecProvider{}, EnumCodecProvider{}, com.mongodb.client.model.mql.ExpressionCodecProvider@36790bec, com.mongodb.Jep395RecordCodecProvider@461c3709, com.mongodb.KotlinCodecProvider@7e3d7dd]}, loggerSettings=LoggerSettings{maxDocumentLength=1000}, clusterSettings={hosts=[127.0.0.1:27017], srvHost=adriannube.hxz1x.mongodb.net, srvServiceName=mongodb, mode=MULTIPLE, requiredClusterType=REPLICA_SET, requiredReplicaSetName='atlas-7zssxe-shard-0', serverSelector='null', clusterListeners='[]', serverSelectionTimeout='30000 ms', localThreshold='15 ms'}, socketSettings=SocketSettings{connectTimeoutMS=10000, readTimeoutMS=0, receiveBufferSize=0, proxySettings=ProxySettings{host=null, port=null, username=null, password=null}}, heartbeatSocketSettings=SocketSettings{connectTimeoutMS=10000, readTimeoutMS=10000, receiveBufferSize=0, proxySettings=ProxySettings{host=null, port=null, username=null, password=null}}, connectionPoolSettings=ConnectionPoolSettings{maxSize=100, minSize=0, maxWaitTimeMS=120000, maxConnectionLifeTimeMS=0, maxConnectionIdleTimeMS=0, maintenanceInitialDelayMS=0, maintenanceFrequencyMS=60000, connectionPoolListeners=[], maxConnecting=2}, serverSettings=ServerSettings{heartbeatFrequencyMS=10000, minHeartbeatFrequencyMS=500, serverListeners='[]', serverMonitorListeners='[]'}, sslSettings=SslSettings{enabled=true, invalidHostNameAllowed=false, context=null}, applicationName='null', compressorList=[], uuidRepresentation=JAVA_LEGACY, serverApi=null, autoEncryptionSettings=null, dnsClient=null, inetAddressResolver=null, contextProvider=null}
2024-11-25T18:24:21.611-05:00  INFO 21280 --- [GymCrack] [z1x.mongodb.net] org.mongodb.driver.cluster               : Adding discovered server adriannube-shard-00-02.hxz1x.mongodb.net:27017 to client view of cluster
2024-11-25T18:24:21.614-05:00  INFO 21280 --- [GymCrack] [z1x.mongodb.net] org.mongodb.driver.cluster               : Adding discovered server adriannube-shard-00-01.hxz1x.mongodb.net:27017 to client view of cluster
2024-11-25T18:24:22.685-05:00  INFO 21280 --- [GymCrack] [ngodb.net:27017] org.mongodb.driver.cluster               : Monitor thread successfully connected to server with description ServerDescription{address=adriannube-shard-00-02.hxz1x.mongodb.net:27017, type=REPLICA_SET_SECONDARY, state=CONNECTED, ok=true, minWireVersion=0, maxWireVersion=25, maxDocumentSize=16777216, logicalSessionTimeoutMinutes=30, roundTripTimeNanos=599889400, setName='atlas-7zssxe-shard-0', canonicalAddress=adriannube-shard-00-02.hxz1x.mongodb.net:27017, hosts=[adriannube-shard-00-01.hxz1x.mongodb.net:27017, adriannube-shard-00-02.hxz1x.mongodb.net:27017, adriannube-shard-00-00.hxz1x.mongodb.net:27017], passives=[], arbiters=[], primary='adriannube-shard-00-01.hxz1x.mongodb.net:27017', tagSet=TagSet{[Tag{name='availabilityZone', value='southamerica-east1-c'}, Tag{name='diskState', value='READY'}, Tag{name='nodeType', value='ELECTABLE'}, Tag{name='provider', value='GCP'}, Tag{name='region', value='SOUTH_AMERICA_EAST_1'}, Tag{name='workloadType', value='OPERATIONAL'}]}, electionId=null, setVersion=18, topologyVersion=TopologyVersion{processId=673b6279532d684dde9ce6c5, counter=4}, lastWriteDate=Mon Nov 25 18:24:22 COT 2024, lastUpdateTimeNanos=119125490626400}
2024-11-25T18:24:22.685-05:00  INFO 21280 --- [GymCrack] [ngodb.net:27017] org.mongodb.driver.cluster               : Monitor thread successfully connected to server with description ServerDescription{address=adriannube-shard-00-00.hxz1x.mongodb.net:27017, type=REPLICA_SET_SECONDARY, state=CONNECTED, ok=true, minWireVersion=0, maxWireVersion=25, maxDocumentSize=16777216, logicalSessionTimeoutMinutes=30, roundTripTimeNanos=611363500, setName='atlas-7zssxe-shard-0', canonicalAddress=adriannube-shard-00-00.hxz1x.mongodb.net:27017, hosts=[adriannube-shard-00-01.hxz1x.mongodb.net:27017, adriannube-shard-00-02.hxz1x.mongodb.net:27017, adriannube-shard-00-00.hxz1x.mongodb.net:27017], passives=[], arbiters=[], primary='adriannube-shard-00-01.hxz1x.mongodb.net:27017', tagSet=TagSet{[Tag{name='availabilityZone', value='southamerica-east1-a'}, Tag{name='diskState', value='READY'}, Tag{name='nodeType', value='ELECTABLE'}, Tag{name='provider', value='GCP'}, Tag{name='region', value='SOUTH_AMERICA_EAST_1'}, Tag{name='workloadType', value='OPERATIONAL'}]}, electionId=null, setVersion=18, topologyVersion=TopologyVersion{processId=673b6218ba7d4161321fc4b4, counter=5}, lastWriteDate=Mon Nov 25 18:24:22 COT 2024, lastUpdateTimeNanos=119125490684000}
2024-11-25T18:24:22.686-05:00  INFO 21280 --- [GymCrack] [ngodb.net:27017] org.mongodb.driver.cluster               : Monitor thread successfully connected to server with description ServerDescription{address=adriannube-shard-00-01.hxz1x.mongodb.net:27017, type=REPLICA_SET_PRIMARY, state=CONNECTED, ok=true, minWireVersion=0, maxWireVersion=25, maxDocumentSize=16777216, logicalSessionTimeoutMinutes=30, roundTripTimeNanos=611654600, setName='atlas-7zssxe-shard-0', canonicalAddress=adriannube-shard-00-01.hxz1x.mongodb.net:27017, hosts=[adriannube-shard-00-01.hxz1x.mongodb.net:27017, adriannube-shard-00-02.hxz1x.mongodb.net:27017, adriannube-shard-00-00.hxz1x.mongodb.net:27017], passives=[], arbiters=[], primary='adriannube-shard-00-01.hxz1x.mongodb.net:27017', tagSet=TagSet{[Tag{name='availabilityZone', value='southamerica-east1-b'}, Tag{name='diskState', value='READY'}, Tag{name='nodeType', value='ELECTABLE'}, Tag{name='provider', value='GCP'}, Tag{name='region', value='SOUTH_AMERICA_EAST_1'}, Tag{name='workloadType', value='OPERATIONAL'}]}, electionId=7fffffff00000000000000a2, setVersion=18, topologyVersion=TopologyVersion{processId=673b6248bbb40d130e2fa71d, counter=7}, lastWriteDate=Mon Nov 25 18:24:22 GMT-05:00 2024, lastUpdateTimeNanos=119125490779800}
2024-11-25T18:24:22.690-05:00  INFO 21280 --- [GymCrack] [ngodb.net:27017] org.mongodb.driver.cluster               : Discovered replica set primary adriannube-shard-00-01.hxz1x.mongodb.net:27017 with max election id 7fffffff00000000000000a2 and max set version 18
2024-11-25T18:24:22.889-05:00  INFO 21280 --- [GymCrack] [           main] c.GymCrack.app.GymCrackApplicationTests  : Started GymCrackApplicationTests in 3.17 seconds (process running for 4.424)
]]></system-out>
    <system-err><![CDATA[WARNING: A Java agent has been loaded dynamically (C:\Users\Adrian\.m2\repository\net\bytebuddy\byte-buddy-agent\1.14.19\byte-buddy-agent-1.14.19.jar)
WARNING: If a serviceability tool is in use, please run with -XX:+EnableDynamicAgentLoading to hide this warning
WARNING: If a serviceability tool is not in use, please run with -Djdk.instrument.traceUsage for more information
WARNING: Dynamic loading of agents will be disallowed by default in a future release
]]></system-err>
  </testcase>
</testsuite>